2024-03-20 14:47:14 [undefined] info: 
        //////////////////////////////////////////
        Server listening on port: 8080
        /////////////////////////////////////////
    
2024-03-20 14:48:52 [undefined] info: 
        //////////////////////////////////////////
        Server listening on port: 8080
        /////////////////////////////////////////
      
2024-03-20 14:48:52 [undefined] info: hello world
2024-03-20 14:48:52 [undefined] error: hello world
2024-03-20 14:48:52 [undefined] warn: hello world
undefined [undefined] info: 
        //////////////////////////////////////////
        Server listening on port: 8080
        /////////////////////////////////////////
      
undefined [undefined] info: hello world
undefined [undefined] error: hello world
undefined [undefined] warn: hello world
undefined [undefined] info: 
        //////////////////////////////////////////
        Server listening on port: 8080
        /////////////////////////////////////////
      
undefined [undefined] info: hello world
undefined [undefined] error: hello world
undefined [undefined] warn: hello world
2024-03-20 14:52:44 [undefined] info: >>>>>>>>>>
        >>>>>>>>>>
        >>>>>>>>>>
        Server listening on port: 8080
        >>>>>>>>>>
        >>>>>>>>>>
        >>>>>>>>>>
      
2024-03-20 14:52:44 [undefined] info: hello world
2024-03-20 14:52:44 [undefined] error: hello world
2024-03-20 14:52:44 [undefined] warn: hello world
2024-03-20 15:14:58 [undefined] info: >>>>>>>>>>
        >>>>>>>>>>
        >>>>>>>>>>
        Server listening on port:8080
        >>>>>>>>>>
        >>>>>>>>>>
        >>>>>>>>>>
      
2024-03-20 15:15:33 [undefined] info: >>>>>>>>>>
        >>>>>>>>>>
        >>>>>>>>>>
        Server listening on port:8080
        >>>>>>>>>>
        >>>>>>>>>>
        >>>>>>>>>>
      
2024-03-20 15:15:40 [undefined] info: >>>>>>>>>>
        >>>>>>>>>>
        >>>>>>>>>>
        Server listening on port:8080
        >>>>>>>>>>
        >>>>>>>>>>
        >>>>>>>>>>
      
2024-03-20 15:17:01 [undefined] info: >>>>>>>>>>
        >>>>>>>>>>
        >>>>>>>>>>
        Server listening on port:8080
        >>>>>>>>>>
        >>>>>>>>>>
        >>>>>>>>>>
      
2024-03-20 15:17:20 [undefined] info: >>>>>>>>>>
        >>>>>>>>>>
        >>>>>>>>>>
        Server listening on port:8080
        >>>>>>>>>>
        >>>>>>>>>>
        >>>>>>>>>>
      
2024-03-20 15:18:11 [undefined] info: >>>>>>>>>>
        >>>>>>>>>>
        >>>>>>>>>>
        Server listening on port:8080
        >>>>>>>>>>
        >>>>>>>>>>
        >>>>>>>>>>
      
2024-03-20 15:18:50 [undefined] info: >>>>>>>>>>
        >>>>>>>>>>
        >>>>>>>>>>
        Server listening on port:8080
        >>>>>>>>>>
        >>>>>>>>>>
        >>>>>>>>>>
      
2024-03-20 15:29:01 [undefined] info: >>>>>>>>>>
        >>>>>>>>>>
        >>>>>>>>>>
        Server listening on port:8080
        >>>>>>>>>>
        >>>>>>>>>>
        >>>>>>>>>>
      
2024-03-20 15:29:32 [undefined] info: >>>>>>>>>>
        >>>>>>>>>>
        >>>>>>>>>>
        Server listening on port:8080
        >>>>>>>>>>
        >>>>>>>>>>
        >>>>>>>>>>
      
2024-03-20 15:29:41 [undefined] info: >>>>>>>>>>
        >>>>>>>>>>
        >>>>>>>>>>
        Server listening on port:8080
        >>>>>>>>>>
        >>>>>>>>>>
        >>>>>>>>>>
      
2024-03-20 15:31:24 [undefined] info: >>>>>>>>>>
        >>>>>>>>>>
        >>>>>>>>>>
        Server listening on port:8080
        >>>>>>>>>>
        >>>>>>>>>>
        >>>>>>>>>>
      
2024-03-20 15:31:41 [undefined] info: >>>>>>>>>>
        >>>>>>>>>>
        >>>>>>>>>>
        Server listening on port:8080
        >>>>>>>>>>
        >>>>>>>>>>
        >>>>>>>>>>
      
2024-03-20 15:32:24 [undefined] info: >>>>>>>>>>
        >>>>>>>>>>
        >>>>>>>>>>
        Server listening on port:8080
        >>>>>>>>>>
        >>>>>>>>>>
        >>>>>>>>>>
      
2024-03-20 15:32:27 [undefined] info: >>>>>>>>>>
        >>>>>>>>>>
        >>>>>>>>>>
        Server listening on port:8080
        >>>>>>>>>>
        >>>>>>>>>>
        >>>>>>>>>>
      
2024-03-20 15:43:39 [undefined] info: >>>>>>>>>>
        >>>>>>>>>>
        >>>>>>>>>>
        Server listening on port:8080
        >>>>>>>>>>
        >>>>>>>>>>
        >>>>>>>>>>
      
2024-03-20 15:43:46 [undefined] info: >>>>>>>>>>
        >>>>>>>>>>
        >>>>>>>>>>
        Server listening on port:8080
        >>>>>>>>>>
        >>>>>>>>>>
        >>>>>>>>>>
      
2024-03-20 15:43:56 [undefined] info: >>>>>>>>>>
        >>>>>>>>>>
        >>>>>>>>>>
        Server listening on port:8080
        >>>>>>>>>>
        >>>>>>>>>>
        >>>>>>>>>>
      
2024-03-20 15:45:44 [undefined] info: >>>>>>>>>>
        >>>>>>>>>>
        >>>>>>>>>>
        Server listening on port:8080
        >>>>>>>>>>
        >>>>>>>>>>
        >>>>>>>>>>
      
2024-03-20 15:45:54 [undefined] info: >>>>>>>>>>
        >>>>>>>>>>
        >>>>>>>>>>
        Server listening on port:8080
        >>>>>>>>>>
        >>>>>>>>>>
        >>>>>>>>>>
      
2024-03-20 15:47:47 [undefined] info: >>>>>>>>>>
        >>>>>>>>>>
        >>>>>>>>>>
        Server listening on port:8080
        >>>>>>>>>>
        >>>>>>>>>>
        >>>>>>>>>>
      
2024-03-20 15:48:12 [undefined] info: >>>>>>>>>>
        >>>>>>>>>>
        >>>>>>>>>>
        Server listening on port:8080
        >>>>>>>>>>
        >>>>>>>>>>
        >>>>>>>>>>
      
2024-03-20 15:48:44 [undefined] info: >>>>>>>>>>
        >>>>>>>>>>
        >>>>>>>>>>
        Server listening on port:8080
        >>>>>>>>>>
        >>>>>>>>>>
        >>>>>>>>>>
      
2024-03-20 15:48:46 [undefined] info: >>>>>>>>>>
        >>>>>>>>>>
        >>>>>>>>>>
        Server listening on port:8080
        >>>>>>>>>>
        >>>>>>>>>>
        >>>>>>>>>>
      
2024-03-20 15:49:42 [undefined] info: >>>>>>>>>>
        >>>>>>>>>>
        >>>>>>>>>>
        Server listening on port:8080
        >>>>>>>>>>
        >>>>>>>>>>
        >>>>>>>>>>
      
2024-03-20 15:49:47 [undefined] info: >>>>>>>>>>
        >>>>>>>>>>
        >>>>>>>>>>
        Server listening on port:8080
        >>>>>>>>>>
        >>>>>>>>>>
        >>>>>>>>>>
      
2024-03-20 15:49:49 [undefined] info: >>>>>>>>>>
        >>>>>>>>>>
        >>>>>>>>>>
        Server listening on port:8080
        >>>>>>>>>>
        >>>>>>>>>>
        >>>>>>>>>>
      
2024-03-20 15:49:50 [undefined] info: >>>>>>>>>>
        >>>>>>>>>>
        >>>>>>>>>>
        Server listening on port:8080
        >>>>>>>>>>
        >>>>>>>>>>
        >>>>>>>>>>
      
2024-03-20 15:50:07 [undefined] info: >>>>>>>>>>
        >>>>>>>>>>
        >>>>>>>>>>
        Server listening on port:8080
        >>>>>>>>>>
        >>>>>>>>>>
        >>>>>>>>>>
      
2024-03-20 15:50:28 [undefined] info: >>>>>>>>>>
        >>>>>>>>>>
        >>>>>>>>>>
        Server listening on port:8080
        >>>>>>>>>>
        >>>>>>>>>>
        >>>>>>>>>>
      
2024-03-20 15:50:50 [undefined] info: >>>>>>>>>>
        >>>>>>>>>>
        >>>>>>>>>>
        Server listening on port:8080
        >>>>>>>>>>
        >>>>>>>>>>
        >>>>>>>>>>
      
2024-03-20 15:51:08 [undefined] info: >>>>>>>>>>
        >>>>>>>>>>
        >>>>>>>>>>
        Server listening on port:8080
        >>>>>>>>>>
        >>>>>>>>>>
        >>>>>>>>>>
      
2024-03-20 15:51:19 [undefined] info: >>>>>>>>>>
        >>>>>>>>>>
        >>>>>>>>>>
        Server listening on port:8080
        >>>>>>>>>>
        >>>>>>>>>>
        >>>>>>>>>>
      
2024-03-20 15:51:22 [undefined] info: >>>>>>>>>>
        >>>>>>>>>>
        >>>>>>>>>>
        Server listening on port:8080
        >>>>>>>>>>
        >>>>>>>>>>
        >>>>>>>>>>
      
2024-03-20 16:07:47 [undefined] info: >>>>>>>>>>
        >>>>>>>>>>
        >>>>>>>>>>
        Server listening on port:8080
        >>>>>>>>>>
        >>>>>>>>>>
        >>>>>>>>>>
      
2024-03-20 16:14:23 [undefined] info: >>>>>>>>>>
        >>>>>>>>>>
        >>>>>>>>>>
        Server listening on port:8080
        >>>>>>>>>>
        >>>>>>>>>>
        >>>>>>>>>>
      
2024-03-20 16:15:28 [undefined] info: >>>>>>>>>>
        >>>>>>>>>>
        >>>>>>>>>>
        Server listening on port:8080
        >>>>>>>>>>
        >>>>>>>>>>
        >>>>>>>>>>
      
2024-03-20 16:25:22 [undefined] info: >>>>>>>>>>
        >>>>>>>>>>
        >>>>>>>>>>
        Server listening on port:8080
        >>>>>>>>>>
        >>>>>>>>>>
        >>>>>>>>>>
      
2024-03-20 16:25:36 [undefined] info: >>>>>>>>>>
        >>>>>>>>>>
        >>>>>>>>>>
        Server listening on port:8080
        >>>>>>>>>>
        >>>>>>>>>>
        >>>>>>>>>>
      
2024-03-20 16:25:38 [undefined] info: >>>>>>>>>>
        >>>>>>>>>>
        >>>>>>>>>>
        Server listening on port:8080
        >>>>>>>>>>
        >>>>>>>>>>
        >>>>>>>>>>
      
2024-03-20 16:25:48 [undefined] info: >>>>>>>>>>
        >>>>>>>>>>
        >>>>>>>>>>
        Server listening on port:8080
        >>>>>>>>>>
        >>>>>>>>>>
        >>>>>>>>>>
      
2024-03-20 17:00:11 [undefined] info: >>>>>>>>>>
        >>>>>>>>>>
        >>>>>>>>>>
        Server listening on port:8080
        >>>>>>>>>>
        >>>>>>>>>>
        >>>>>>>>>>
      
2024-03-20 17:00:41 [undefined] info: >>>>>>>>>>
        >>>>>>>>>>
        >>>>>>>>>>
        Server listening on port:8080
        >>>>>>>>>>
        >>>>>>>>>>
        >>>>>>>>>>
      
